<?xml version="1.0" encoding="UTF-8"?>
<testng-results ignored="0" total="2" passed="2" failed="0" skipped="0">
  <reporter-output>
  </reporter-output>
  <suite started-at="2025-06-20T16:57:35 IST" name="Default suite" finished-at="2025-06-20T16:57:41 IST" duration-ms="5261">
    <groups>
    </groups>
    <test started-at="2025-06-20T16:57:35 IST" name="Default test" finished-at="2025-06-20T16:57:41 IST" duration-ms="5261">
      <class name="com.saucedemo.OrderPlacement">
        <test-method signature="invalidlogin()[pri:0, instance:com.saucedemo.OrderPlacement@73a1e9a9]" started-at="2025-06-20T16:57:35 IST" name="invalidlogin" finished-at="2025-06-20T16:57:35 IST" duration-ms="16" status="PASS">
          <reporter-output>
          </reporter-output>
        </test-method> <!-- invalidlogin -->
        <test-method signature="placeorder()[pri:0, instance:com.saucedemo.OrderPlacement@73a1e9a9]" started-at="2025-06-20T16:57:35 IST" name="placeorder" finished-at="2025-06-20T16:57:41 IST" duration-ms="5192" status="PASS">
          <reporter-output>
          </reporter-output>
        </test-method> <!-- placeorder -->
      </class> <!-- com.saucedemo.OrderPlacement -->
    </test> <!-- Default test -->
  </suite> <!-- Default suite -->
</testng-results>
